
=== Mon Mar 14 22:21:35 2022

Packages were changed.
Update Mode: updateDependencies

The following packages were updated:
  com.unity.2d.animation from version 3.2.10 to 3.2.14
  com.unity.2d.psdimporter from version 2.1.8 to 2.1.10
  com.unity.2d.spriteshape from version 3.0.16 to 3.0.18
  com.unity.collab-proxy from version 1.8.0 to 1.14.12
  com.unity.ide.visualstudio from version 2.0.11 to 2.0.14
  com.unity.ide.vscode from version 1.2.3 to 1.2.4
  com.unity.test-framework from version 1.1.27 to 1.1.30

=== Sun Apr 24 22:41:43 2022

Packages were changed.
Update Mode: updateDependencies

The following packages were updated:
  com.unity.2d.animation from version 3.2.14 to 3.2.16
  com.unity.2d.psdimporter from version 2.1.10 to 2.1.11
  com.unity.collab-proxy from version 1.14.12 to 1.14.15
  com.unity.ide.vscode from version 1.2.4 to 1.2.5
  com.unity.test-framework from version 1.1.30 to 1.1.31
